<?xml version="1.0" encoding="UTF-8"?>
<!-- Generated by org.testng.reporters.JUnitXMLReporter -->
<testsuite hostname="Mohsin-PC" ignored="0" name="Test" tests="11" failures="1" timestamp="17 Jun 2018 00:29:16 GMT" time="30.064" errors="0">
  <testcase name="getUrl" time="3.473" classname="Facebook.FacebookLogin"/>
  <testcase name="logInTest" time="10.386" classname="Facebook.FacebookLogin"/>
  <testcase name="logOutTest" time="0.377" classname="Facebook.FacebookLogin"/>
  <testcase name="CarLogInTest" time="0.026" classname="Loan.CarLoan"/>
  <testcase name="carEngine" time="0.001" classname="Loan.CarLoan"/>
  <testcase name="carWheel" time="0.002" classname="Loan.CarLoan"/>
  <testcase name="cartitle" time="0.024" classname="Loan.CarLoan"/>
  <testcase name="homeLoanDocs" time="0.008" classname="Loan.HomeLoan">
    <failure type="java.lang.ArithmeticException" message="/ by zero">
      <![CDATA[java.lang.ArithmeticException: / by zero
at Loan.HomeLoan.homeLoanDocs(HomeLoan.java:16)
... Removed 25 stack frames]]>
    </failure>
  </testcase> <!-- homeLoanDocs -->
  <testcase name="homeLoanInterest" time="0.002" classname="Loan.HomeLoan"/>
  <testcase name="homeLoanPrinciple" time="0.001" classname="Loan.HomeLoan"/>
  <testcase name="homeLoanDuration" time="0.0" classname="Loan.HomeLoan">
    <skipped/>
  </testcase> <!-- homeLoanDuration -->
</testsuite> <!-- Test -->
